This file contains any messages produced by compilers while
running configure, to aid debugging if configure makes a mistake.

It was created by setilib configure 0.1, which was
generated by GNU Autoconf 2.59.  Invocation command line was

  $ ./configure 

## --------- ##
## Platform. ##
## --------- ##

hostname = sting.eecs.berkeley.edu
uname -m = x86_64
uname -r = 2.6.18-164.el5
uname -s = Linux
uname -v = #1 SMP Thu Sep 3 03:28:30 EDT 2009

/usr/bin/uname -p = unknown
/bin/uname -X     = unknown

/bin/arch              = x86_64
/usr/bin/arch -k       = unknown
/usr/convex/getsysinfo = unknown
hostinfo               = unknown
/bin/machine           = unknown
/usr/bin/oslevel       = unknown
/bin/universe          = unknown

PATH: /usr/kerberos/bin
PATH: /usr/local/bin
PATH: /bin
PATH: /usr/bin
PATH: /home/kkundert/bin
PATH: /home/kkundert/bin


## ----------- ##
## Core tests. ##
## ----------- ##

configure:1430: checking build system type
configure:1448: result: x86_64-unknown-linux-gnu
configure:1456: checking host system type
configure:1470: result: x86_64-unknown-linux-gnu
configure:1478: checking target system type
configure:1492: result: x86_64-unknown-linux-gnu
configure:1520: checking for a BSD-compatible install
configure:1575: result: /usr/bin/install -c
configure:1586: checking whether build environment is sane
configure:1629: result: yes
configure:1694: checking for gawk
configure:1710: found /bin/gawk
configure:1720: result: gawk
configure:1730: checking whether make sets $(MAKE)
configure:1750: result: yes
configure:1925: checking whether to enable maintainer-specific portions of Makefiles
configure:1934: result: no
configure:2003: checking for g++
configure:2019: found /usr/bin/g++
configure:2029: result: g++
configure:2045: checking for C++ compiler version
configure:2048: g++ --version </dev/null >&5
g++ (GCC) 4.1.2 20080704 (Red Hat 4.1.2-51)
Copyright (C) 2006 Free Software Foundation, Inc.
This is free software; see the source for copying conditions.  There is NO
warranty; not even for MERCHANTABILITY or FITNESS FOR A PARTICULAR PURPOSE.

configure:2051: $? = 0
configure:2053: g++ -v </dev/null >&5
Using built-in specs.
Target: x86_64-redhat-linux
Configured with: ../configure --prefix=/usr --mandir=/usr/share/man --infodir=/usr/share/info --enable-shared --enable-threads=posix --enable-checking=release --with-system-zlib --enable-__cxa_atexit --disable-libunwind-exceptions --enable-libgcj-multifile --enable-languages=c,c++,objc,obj-c++,java,fortran,ada --enable-java-awt=gtk --disable-dssi --disable-plugin --with-java-home=/usr/lib/jvm/java-1.4.2-gcj-1.4.2.0/jre --with-cpu=generic --host=x86_64-redhat-linux
Thread model: posix
gcc version 4.1.2 20080704 (Red Hat 4.1.2-51)
configure:2056: $? = 0
configure:2058: g++ -V </dev/null >&5
g++: '-V' option must have argument
configure:2061: $? = 1
configure:2084: checking for C++ compiler default output file name
configure:2087: g++    conftest.cc  >&5
configure:2090: $? = 0
configure:2136: result: a.out
configure:2141: checking whether the C++ compiler works
configure:2147: ./a.out
configure:2150: $? = 0
configure:2167: result: yes
configure:2174: checking whether we are cross compiling
configure:2176: result: no
configure:2179: checking for suffix of executables
configure:2181: g++ -o conftest    conftest.cc  >&5
configure:2184: $? = 0
configure:2209: result: 
configure:2215: checking for suffix of object files
configure:2236: g++ -c   conftest.cc >&5
configure:2239: $? = 0
configure:2261: result: o
configure:2265: checking whether we are using the GNU C++ compiler
configure:2289: g++ -c   conftest.cc >&5
configure:2295: $? = 0
configure:2299: test -z 
			 || test ! -s conftest.err
configure:2302: $? = 0
configure:2305: test -s conftest.o
configure:2308: $? = 0
configure:2321: result: yes
configure:2327: checking whether g++ accepts -g
configure:2348: g++ -c -g  conftest.cc >&5
configure:2354: $? = 0
configure:2358: test -z 
			 || test ! -s conftest.err
configure:2361: $? = 0
configure:2364: test -s conftest.o
configure:2367: $? = 0
configure:2378: result: yes
configure:2420: g++ -c -g -O2  conftest.cc >&5
configure:2426: $? = 0
configure:2430: test -z 
			 || test ! -s conftest.err
configure:2433: $? = 0
configure:2436: test -s conftest.o
configure:2439: $? = 0
configure:2465: g++ -c -g -O2  conftest.cc >&5
conftest.cc: In function 'int main()':
conftest.cc:15: error: 'exit' was not declared in this scope
configure:2471: $? = 1
configure: failed program was:
| /* confdefs.h.  */
| 
| #define PACKAGE_NAME "setilib"
| #define PACKAGE_TARNAME "setilib"
| #define PACKAGE_VERSION "0.1"
| #define PACKAGE_STRING "setilib 0.1"
| #define PACKAGE_BUGREPORT ""
| #define PACKAGE "setilib"
| #define VERSION "0.1"
| /* end confdefs.h.  */
| 
| int
| main ()
| {
| exit (42);
|   ;
|   return 0;
| }
configure:2420: g++ -c -g -O2  conftest.cc >&5
configure:2426: $? = 0
configure:2430: test -z 
			 || test ! -s conftest.err
configure:2433: $? = 0
configure:2436: test -s conftest.o
configure:2439: $? = 0
configure:2465: g++ -c -g -O2  conftest.cc >&5
configure:2471: $? = 0
configure:2475: test -z 
			 || test ! -s conftest.err
configure:2478: $? = 0
configure:2481: test -s conftest.o
configure:2484: $? = 0
configure:2518: checking for style of include used by make
configure:2546: result: GNU
configure:2574: checking dependency style of g++
configure:2664: result: gcc3
configure:2686: checking how to run the C++ preprocessor
configure:2717: g++ -E  conftest.cc
configure:2723: $? = 0
configure:2755: g++ -E  conftest.cc
conftest.cc:14:28: error: ac_nonexistent.h: No such file or directory
configure:2761: $? = 1
configure: failed program was:
| /* confdefs.h.  */
| 
| #define PACKAGE_NAME "setilib"
| #define PACKAGE_TARNAME "setilib"
| #define PACKAGE_VERSION "0.1"
| #define PACKAGE_STRING "setilib 0.1"
| #define PACKAGE_BUGREPORT ""
| #define PACKAGE "setilib"
| #define VERSION "0.1"
| #ifdef __cplusplus
| extern "C" void std::exit (int) throw (); using std::exit;
| #endif
| /* end confdefs.h.  */
| #include <ac_nonexistent.h>
configure:2800: result: g++ -E
configure:2824: g++ -E  conftest.cc
configure:2830: $? = 0
configure:2862: g++ -E  conftest.cc
conftest.cc:14:28: error: ac_nonexistent.h: No such file or directory
configure:2868: $? = 1
configure: failed program was:
| /* confdefs.h.  */
| 
| #define PACKAGE_NAME "setilib"
| #define PACKAGE_TARNAME "setilib"
| #define PACKAGE_VERSION "0.1"
| #define PACKAGE_STRING "setilib 0.1"
| #define PACKAGE_BUGREPORT ""
| #define PACKAGE "setilib"
| #define VERSION "0.1"
| #ifdef __cplusplus
| extern "C" void std::exit (int) throw (); using std::exit;
| #endif
| /* end confdefs.h.  */
| #include <ac_nonexistent.h>
configure:2957: checking for gcc
configure:2973: found /usr/bin/gcc
configure:2983: result: gcc
configure:3227: checking for C compiler version
configure:3230: gcc --version </dev/null >&5
gcc (GCC) 4.1.2 20080704 (Red Hat 4.1.2-51)
Copyright (C) 2006 Free Software Foundation, Inc.
This is free software; see the source for copying conditions.  There is NO
warranty; not even for MERCHANTABILITY or FITNESS FOR A PARTICULAR PURPOSE.

configure:3233: $? = 0
configure:3235: gcc -v </dev/null >&5
Using built-in specs.
Target: x86_64-redhat-linux
Configured with: ../configure --prefix=/usr --mandir=/usr/share/man --infodir=/usr/share/info --enable-shared --enable-threads=posix --enable-checking=release --with-system-zlib --enable-__cxa_atexit --disable-libunwind-exceptions --enable-libgcj-multifile --enable-languages=c,c++,objc,obj-c++,java,fortran,ada --enable-java-awt=gtk --disable-dssi --disable-plugin --with-java-home=/usr/lib/jvm/java-1.4.2-gcj-1.4.2.0/jre --with-cpu=generic --host=x86_64-redhat-linux
Thread model: posix
gcc version 4.1.2 20080704 (Red Hat 4.1.2-51)
configure:3238: $? = 0
configure:3240: gcc -V </dev/null >&5
gcc: '-V' option must have argument
configure:3243: $? = 1
configure:3246: checking whether we are using the GNU C compiler
configure:3270: gcc -c   conftest.c >&5
configure:3276: $? = 0
configure:3280: test -z 
			 || test ! -s conftest.err
configure:3283: $? = 0
configure:3286: test -s conftest.o
configure:3289: $? = 0
configure:3302: result: yes
configure:3308: checking whether gcc accepts -g
configure:3329: gcc -c -g  conftest.c >&5
configure:3335: $? = 0
configure:3339: test -z 
			 || test ! -s conftest.err
configure:3342: $? = 0
configure:3345: test -s conftest.o
configure:3348: $? = 0
configure:3359: result: yes
configure:3376: checking for gcc option to accept ANSI C
configure:3446: gcc  -c -g -O2  conftest.c >&5
configure:3452: $? = 0
configure:3456: test -z 
			 || test ! -s conftest.err
configure:3459: $? = 0
configure:3462: test -s conftest.o
configure:3465: $? = 0
configure:3483: result: none needed
configure:3501: gcc -c -g -O2  conftest.c >&5
conftest.c:2: error: expected '=', ',', ';', 'asm' or '__attribute__' before 'me'
configure:3507: $? = 1
configure: failed program was:
| #ifndef __cplusplus
|   choke me
| #endif
configure:3642: checking dependency style of gcc
configure:3732: result: gcc3
configure:3790: checking for ranlib
configure:3806: found /usr/bin/ranlib
configure:3817: result: ranlib
configure:3829: checking whether make sets $(MAKE)
configure:3849: result: yes
configure:3926: checking default bitness of compiler
configure:3943: result: 64
configure:3954: checking for sin in -lm
configure:3984: gcc -o conftest -g -O2   conftest.c -lm   >&5
conftest.c:21: warning: conflicting types for built-in function 'sin'
configure:3990: $? = 0
configure:3994: test -z 
			 || test ! -s conftest.err
configure:3997: $? = 0
configure:4000: test -s conftest
configure:4003: $? = 0
configure:4016: result: yes
configure:4027: checking for fftwf_plan_dft_1d in -lfftw3f
configure:4057: gcc -o conftest -g -O2   conftest.c -lfftw3f  -lm  >&5
/usr/bin/ld: cannot find -lfftw3f
collect2: ld returned 1 exit status
configure:4063: $? = 1
configure: failed program was:
| /* confdefs.h.  */
| 
| #define PACKAGE_NAME "setilib"
| #define PACKAGE_TARNAME "setilib"
| #define PACKAGE_VERSION "0.1"
| #define PACKAGE_STRING "setilib 0.1"
| #define PACKAGE_BUGREPORT ""
| #define PACKAGE "setilib"
| #define VERSION "0.1"
| #ifdef __cplusplus
| extern "C" void std::exit (int) throw (); using std::exit;
| #endif
| #define HAVE_LIBM 1
| /* end confdefs.h.  */
| 
| /* Override any gcc2 internal prototype to avoid an error.  */
| #ifdef __cplusplus
| extern "C"
| #endif
| /* We use char because int might match the return type of a gcc2
|    builtin and then its argument prototype would still apply.  */
| char fftwf_plan_dft_1d ();
| int
| main ()
| {
| fftwf_plan_dft_1d ();
|   ;
|   return 0;
| }
configure:4089: result: no
configure:4111: checking how to run the C preprocessor
configure:4146: gcc -E  conftest.c
configure:4152: $? = 0
configure:4184: gcc -E  conftest.c
conftest.c:15:28: error: ac_nonexistent.h: No such file or directory
configure:4190: $? = 1
configure: failed program was:
| /* confdefs.h.  */
| 
| #define PACKAGE_NAME "setilib"
| #define PACKAGE_TARNAME "setilib"
| #define PACKAGE_VERSION "0.1"
| #define PACKAGE_STRING "setilib 0.1"
| #define PACKAGE_BUGREPORT ""
| #define PACKAGE "setilib"
| #define VERSION "0.1"
| #ifdef __cplusplus
| extern "C" void std::exit (int) throw (); using std::exit;
| #endif
| #define HAVE_LIBM 1
| /* end confdefs.h.  */
| #include <ac_nonexistent.h>
configure:4229: result: gcc -E
configure:4253: gcc -E  conftest.c
configure:4259: $? = 0
configure:4291: gcc -E  conftest.c
conftest.c:15:28: error: ac_nonexistent.h: No such file or directory
configure:4297: $? = 1
configure: failed program was:
| /* confdefs.h.  */
| 
| #define PACKAGE_NAME "setilib"
| #define PACKAGE_TARNAME "setilib"
| #define PACKAGE_VERSION "0.1"
| #define PACKAGE_STRING "setilib 0.1"
| #define PACKAGE_BUGREPORT ""
| #define PACKAGE "setilib"
| #define VERSION "0.1"
| #ifdef __cplusplus
| extern "C" void std::exit (int) throw (); using std::exit;
| #endif
| #define HAVE_LIBM 1
| /* end confdefs.h.  */
| #include <ac_nonexistent.h>
configure:4341: checking for egrep
configure:4351: result: grep -E
configure:4356: checking for ANSI C header files
configure:4381: gcc -c -g -O2  conftest.c >&5
configure:4387: $? = 0
configure:4391: test -z 
			 || test ! -s conftest.err
configure:4394: $? = 0
configure:4397: test -s conftest.o
configure:4400: $? = 0
configure:4489: gcc -o conftest -g -O2   conftest.c -lm  >&5
conftest.c: In function 'main':
conftest.c:32: warning: incompatible implicit declaration of built-in function 'exit'
configure:4492: $? = 0
configure:4494: ./conftest
configure:4497: $? = 0
configure:4512: result: yes
configure:4536: checking for sys/types.h
configure:4552: gcc -c -g -O2  conftest.c >&5
configure:4558: $? = 0
configure:4562: test -z 
			 || test ! -s conftest.err
configure:4565: $? = 0
configure:4568: test -s conftest.o
configure:4571: $? = 0
configure:4582: result: yes
configure:4536: checking for sys/stat.h
configure:4552: gcc -c -g -O2  conftest.c >&5
configure:4558: $? = 0
configure:4562: test -z 
			 || test ! -s conftest.err
configure:4565: $? = 0
configure:4568: test -s conftest.o
configure:4571: $? = 0
configure:4582: result: yes
configure:4536: checking for stdlib.h
configure:4552: gcc -c -g -O2  conftest.c >&5
configure:4558: $? = 0
configure:4562: test -z 
			 || test ! -s conftest.err
configure:4565: $? = 0
configure:4568: test -s conftest.o
configure:4571: $? = 0
configure:4582: result: yes
configure:4536: checking for string.h
configure:4552: gcc -c -g -O2  conftest.c >&5
configure:4558: $? = 0
configure:4562: test -z 
			 || test ! -s conftest.err
configure:4565: $? = 0
configure:4568: test -s conftest.o
configure:4571: $? = 0
configure:4582: result: yes
configure:4536: checking for memory.h
configure:4552: gcc -c -g -O2  conftest.c >&5
configure:4558: $? = 0
configure:4562: test -z 
			 || test ! -s conftest.err
configure:4565: $? = 0
configure:4568: test -s conftest.o
configure:4571: $? = 0
configure:4582: result: yes
configure:4536: checking for strings.h
configure:4552: gcc -c -g -O2  conftest.c >&5
configure:4558: $? = 0
configure:4562: test -z 
			 || test ! -s conftest.err
configure:4565: $? = 0
configure:4568: test -s conftest.o
configure:4571: $? = 0
configure:4582: result: yes
configure:4536: checking for inttypes.h
configure:4552: gcc -c -g -O2  conftest.c >&5
configure:4558: $? = 0
configure:4562: test -z 
			 || test ! -s conftest.err
configure:4565: $? = 0
configure:4568: test -s conftest.o
configure:4571: $? = 0
configure:4582: result: yes
configure:4536: checking for stdint.h
configure:4552: gcc -c -g -O2  conftest.c >&5
configure:4558: $? = 0
configure:4562: test -z 
			 || test ! -s conftest.err
configure:4565: $? = 0
configure:4568: test -s conftest.o
configure:4571: $? = 0
configure:4582: result: yes
configure:4536: checking for unistd.h
configure:4552: gcc -c -g -O2  conftest.c >&5
configure:4558: $? = 0
configure:4562: test -z 
			 || test ! -s conftest.err
configure:4565: $? = 0
configure:4568: test -s conftest.o
configure:4571: $? = 0
configure:4582: result: yes
configure:4613: checking fcntl.h usability
configure:4625: gcc -c -g -O2  conftest.c >&5
configure:4631: $? = 0
configure:4635: test -z 
			 || test ! -s conftest.err
configure:4638: $? = 0
configure:4641: test -s conftest.o
configure:4644: $? = 0
configure:4654: result: yes
configure:4658: checking fcntl.h presence
configure:4668: gcc -E  conftest.c
configure:4674: $? = 0
configure:4694: result: yes
configure:4729: checking for fcntl.h
configure:4736: result: yes
configure:4604: checking for stdlib.h
configure:4609: result: yes
configure:4604: checking for string.h
configure:4609: result: yes
configure:4604: checking for strings.h
configure:4609: result: yes
configure:4604: checking for unistd.h
configure:4609: result: yes
configure:4613: checking fftw3.h usability
configure:4625: gcc -c -g -O2  conftest.c >&5
conftest.c:64:19: error: fftw3.h: No such file or directory
configure:4631: $? = 1
configure: failed program was:
| /* confdefs.h.  */
| 
| #define PACKAGE_NAME "setilib"
| #define PACKAGE_TARNAME "setilib"
| #define PACKAGE_VERSION "0.1"
| #define PACKAGE_STRING "setilib 0.1"
| #define PACKAGE_BUGREPORT ""
| #define PACKAGE "setilib"
| #define VERSION "0.1"
| #ifdef __cplusplus
| extern "C" void std::exit (int) throw (); using std::exit;
| #endif
| #define HAVE_LIBM 1
| #define STDC_HEADERS 1
| #define HAVE_SYS_TYPES_H 1
| #define HAVE_SYS_STAT_H 1
| #define HAVE_STDLIB_H 1
| #define HAVE_STRING_H 1
| #define HAVE_MEMORY_H 1
| #define HAVE_STRINGS_H 1
| #define HAVE_INTTYPES_H 1
| #define HAVE_STDINT_H 1
| #define HAVE_UNISTD_H 1
| #define HAVE_FCNTL_H 1
| #define HAVE_STDLIB_H 1
| #define HAVE_STRING_H 1
| #define HAVE_STRINGS_H 1
| #define HAVE_UNISTD_H 1
| /* end confdefs.h.  */
| #include <stdio.h>
| #if HAVE_SYS_TYPES_H
| # include <sys/types.h>
| #endif
| #if HAVE_SYS_STAT_H
| # include <sys/stat.h>
| #endif
| #if STDC_HEADERS
| # include <stdlib.h>
| # include <stddef.h>
| #else
| # if HAVE_STDLIB_H
| #  include <stdlib.h>
| # endif
| #endif
| #if HAVE_STRING_H
| # if !STDC_HEADERS && HAVE_MEMORY_H
| #  include <memory.h>
| # endif
| # include <string.h>
| #endif
| #if HAVE_STRINGS_H
| # include <strings.h>
| #endif
| #if HAVE_INTTYPES_H
| # include <inttypes.h>
| #else
| # if HAVE_STDINT_H
| #  include <stdint.h>
| # endif
| #endif
| #if HAVE_UNISTD_H
| # include <unistd.h>
| #endif
| #include <fftw3.h>
configure:4654: result: no
configure:4658: checking fftw3.h presence
configure:4668: gcc -E  conftest.c
conftest.c:30:19: error: fftw3.h: No such file or directory
configure:4674: $? = 1
configure: failed program was:
| /* confdefs.h.  */
| 
| #define PACKAGE_NAME "setilib"
| #define PACKAGE_TARNAME "setilib"
| #define PACKAGE_VERSION "0.1"
| #define PACKAGE_STRING "setilib 0.1"
| #define PACKAGE_BUGREPORT ""
| #define PACKAGE "setilib"
| #define VERSION "0.1"
| #ifdef __cplusplus
| extern "C" void std::exit (int) throw (); using std::exit;
| #endif
| #define HAVE_LIBM 1
| #define STDC_HEADERS 1
| #define HAVE_SYS_TYPES_H 1
| #define HAVE_SYS_STAT_H 1
| #define HAVE_STDLIB_H 1
| #define HAVE_STRING_H 1
| #define HAVE_MEMORY_H 1
| #define HAVE_STRINGS_H 1
| #define HAVE_INTTYPES_H 1
| #define HAVE_STDINT_H 1
| #define HAVE_UNISTD_H 1
| #define HAVE_FCNTL_H 1
| #define HAVE_STDLIB_H 1
| #define HAVE_STRING_H 1
| #define HAVE_STRINGS_H 1
| #define HAVE_UNISTD_H 1
| /* end confdefs.h.  */
| #include <fftw3.h>
configure:4694: result: no
configure:4729: checking for fftw3.h
configure:4736: result: no
configure:4751: checking for stdbool.h that conforms to C99
configure:4804: gcc -c -g -O2  conftest.c >&5
configure:4810: $? = 0
configure:4814: test -z 
			 || test ! -s conftest.err
configure:4817: $? = 0
configure:4820: test -s conftest.o
configure:4823: $? = 0
configure:4834: result: yes
configure:4836: checking for _Bool
configure:4860: gcc -c -g -O2  conftest.c >&5
configure:4866: $? = 0
configure:4870: test -z 
			 || test ! -s conftest.err
configure:4873: $? = 0
configure:4876: test -s conftest.o
configure:4879: $? = 0
configure:4890: result: yes
configure:4909: checking for an ANSI C-conforming const
configure:4976: gcc -c -g -O2  conftest.c >&5
configure:4982: $? = 0
configure:4986: test -z 
			 || test ! -s conftest.err
configure:4989: $? = 0
configure:4992: test -s conftest.o
configure:4995: $? = 0
configure:5006: result: yes
configure:5016: checking for size_t
configure:5040: gcc -c -g -O2  conftest.c >&5
configure:5046: $? = 0
configure:5050: test -z 
			 || test ! -s conftest.err
configure:5053: $? = 0
configure:5056: test -s conftest.o
configure:5059: $? = 0
configure:5070: result: yes
configure:5082: checking whether byte ordering is bigendian
configure:5109: gcc -c -g -O2  conftest.c >&5
configure:5115: $? = 0
configure:5119: test -z 
			 || test ! -s conftest.err
configure:5122: $? = 0
configure:5125: test -s conftest.o
configure:5128: $? = 0
configure:5152: gcc -c -g -O2  conftest.c >&5
conftest.c: In function 'main':
conftest.c:39: error: 'not' undeclared (first use in this function)
conftest.c:39: error: (Each undeclared identifier is reported only once
conftest.c:39: error: for each function it appears in.)
conftest.c:39: error: expected ';' before 'big'
configure:5158: $? = 1
configure: failed program was:
| /* confdefs.h.  */
| 
| #define PACKAGE_NAME "setilib"
| #define PACKAGE_TARNAME "setilib"
| #define PACKAGE_VERSION "0.1"
| #define PACKAGE_STRING "setilib 0.1"
| #define PACKAGE_BUGREPORT ""
| #define PACKAGE "setilib"
| #define VERSION "0.1"
| #ifdef __cplusplus
| extern "C" void std::exit (int) throw (); using std::exit;
| #endif
| #define HAVE_LIBM 1
| #define STDC_HEADERS 1
| #define HAVE_SYS_TYPES_H 1
| #define HAVE_SYS_STAT_H 1
| #define HAVE_STDLIB_H 1
| #define HAVE_STRING_H 1
| #define HAVE_MEMORY_H 1
| #define HAVE_STRINGS_H 1
| #define HAVE_INTTYPES_H 1
| #define HAVE_STDINT_H 1
| #define HAVE_UNISTD_H 1
| #define HAVE_FCNTL_H 1
| #define HAVE_STDLIB_H 1
| #define HAVE_STRING_H 1
| #define HAVE_STRINGS_H 1
| #define HAVE_UNISTD_H 1
| #define HAVE__BOOL 1
| #define HAVE_STDBOOL_H 1
| /* end confdefs.h.  */
| #include <sys/types.h>
| #include <sys/param.h>
| 
| int
| main ()
| {
| #if BYTE_ORDER != BIG_ENDIAN
|  not big endian
| #endif
| 
|   ;
|   return 0;
| }
configure:5293: result: no
configure:5313: checking whether float word ordering is bigendian
configure:5345: gcc -c -g -O2  conftest.c >&5
configure:5351: $? = 0
configure:5355: test -z 
			 || test ! -s conftest.err
configure:5358: $? = 0
configure:5361: test -s conftest.o
configure:5364: $? = 0
configure:5389: result: no
configure:5610: checking for the pthreads library -lpthreads
configure:5648: gcc -o conftest -g -O2    conftest.c -lpthreads -lm  >&5
/usr/bin/ld: cannot find -lpthreads
collect2: ld returned 1 exit status
configure:5654: $? = 1
configure: failed program was:
| /* confdefs.h.  */
| 
| #define PACKAGE_NAME "setilib"
| #define PACKAGE_TARNAME "setilib"
| #define PACKAGE_VERSION "0.1"
| #define PACKAGE_STRING "setilib 0.1"
| #define PACKAGE_BUGREPORT ""
| #define PACKAGE "setilib"
| #define VERSION "0.1"
| #ifdef __cplusplus
| extern "C" void std::exit (int) throw (); using std::exit;
| #endif
| #define HAVE_LIBM 1
| #define STDC_HEADERS 1
| #define HAVE_SYS_TYPES_H 1
| #define HAVE_SYS_STAT_H 1
| #define HAVE_STDLIB_H 1
| #define HAVE_STRING_H 1
| #define HAVE_MEMORY_H 1
| #define HAVE_STRINGS_H 1
| #define HAVE_INTTYPES_H 1
| #define HAVE_STDINT_H 1
| #define HAVE_UNISTD_H 1
| #define HAVE_FCNTL_H 1
| #define HAVE_STDLIB_H 1
| #define HAVE_STRING_H 1
| #define HAVE_STRINGS_H 1
| #define HAVE_UNISTD_H 1
| #define HAVE__BOOL 1
| #define HAVE_STDBOOL_H 1
| /* end confdefs.h.  */
| #include <pthread.h>
| int
| main ()
| {
| pthread_t th; pthread_join(th, 0);
|                      pthread_attr_init(0); pthread_cleanup_push(0, 0);
|                      pthread_create(0,0,0,0); pthread_cleanup_pop(0);
|   ;
|   return 0;
| }
configure:5681: result: no
configure:5557: checking whether pthreads work without any flags
configure:5648: gcc -o conftest -g -O2    conftest.c  -lm  >&5
/tmp/cc23pykQ.o: In function `main':
/home/kkundert/SERENDIP-V.v/code/setilib/conftest.c:36: undefined reference to `pthread_join'
/home/kkundert/SERENDIP-V.v/code/setilib/conftest.c:37: undefined reference to `__pthread_register_cancel'
/home/kkundert/SERENDIP-V.v/code/setilib/conftest.c:38: undefined reference to `pthread_create'
/home/kkundert/SERENDIP-V.v/code/setilib/conftest.c:38: undefined reference to `__pthread_unregister_cancel'
collect2: ld returned 1 exit status
configure:5654: $? = 1
configure: failed program was:
| /* confdefs.h.  */
| 
| #define PACKAGE_NAME "setilib"
| #define PACKAGE_TARNAME "setilib"
| #define PACKAGE_VERSION "0.1"
| #define PACKAGE_STRING "setilib 0.1"
| #define PACKAGE_BUGREPORT ""
| #define PACKAGE "setilib"
| #define VERSION "0.1"
| #ifdef __cplusplus
| extern "C" void std::exit (int) throw (); using std::exit;
| #endif
| #define HAVE_LIBM 1
| #define STDC_HEADERS 1
| #define HAVE_SYS_TYPES_H 1
| #define HAVE_SYS_STAT_H 1
| #define HAVE_STDLIB_H 1
| #define HAVE_STRING_H 1
| #define HAVE_MEMORY_H 1
| #define HAVE_STRINGS_H 1
| #define HAVE_INTTYPES_H 1
| #define HAVE_STDINT_H 1
| #define HAVE_UNISTD_H 1
| #define HAVE_FCNTL_H 1
| #define HAVE_STDLIB_H 1
| #define HAVE_STRING_H 1
| #define HAVE_STRINGS_H 1
| #define HAVE_UNISTD_H 1
| #define HAVE__BOOL 1
| #define HAVE_STDBOOL_H 1
| /* end confdefs.h.  */
| #include <pthread.h>
| int
| main ()
| {
| pthread_t th; pthread_join(th, 0);
|                      pthread_attr_init(0); pthread_cleanup_push(0, 0);
|                      pthread_create(0,0,0,0); pthread_cleanup_pop(0);
|   ;
|   return 0;
| }
configure:5681: result: no
configure:5562: checking whether pthreads work with -Kthread
configure:5648: gcc -o conftest -g -O2 -Kthread   conftest.c  -lm  >&5
gcc: unrecognized option '-Kthread'
/tmp/ccGHH5mg.o: In function `main':
/home/kkundert/SERENDIP-V.v/code/setilib/conftest.c:36: undefined reference to `pthread_join'
/home/kkundert/SERENDIP-V.v/code/setilib/conftest.c:37: undefined reference to `__pthread_register_cancel'
/home/kkundert/SERENDIP-V.v/code/setilib/conftest.c:38: undefined reference to `pthread_create'
/home/kkundert/SERENDIP-V.v/code/setilib/conftest.c:38: undefined reference to `__pthread_unregister_cancel'
collect2: ld returned 1 exit status
configure:5654: $? = 1
configure: failed program was:
| /* confdefs.h.  */
| 
| #define PACKAGE_NAME "setilib"
| #define PACKAGE_TARNAME "setilib"
| #define PACKAGE_VERSION "0.1"
| #define PACKAGE_STRING "setilib 0.1"
| #define PACKAGE_BUGREPORT ""
| #define PACKAGE "setilib"
| #define VERSION "0.1"
| #ifdef __cplusplus
| extern "C" void std::exit (int) throw (); using std::exit;
| #endif
| #define HAVE_LIBM 1
| #define STDC_HEADERS 1
| #define HAVE_SYS_TYPES_H 1
| #define HAVE_SYS_STAT_H 1
| #define HAVE_STDLIB_H 1
| #define HAVE_STRING_H 1
| #define HAVE_MEMORY_H 1
| #define HAVE_STRINGS_H 1
| #define HAVE_INTTYPES_H 1
| #define HAVE_STDINT_H 1
| #define HAVE_UNISTD_H 1
| #define HAVE_FCNTL_H 1
| #define HAVE_STDLIB_H 1
| #define HAVE_STRING_H 1
| #define HAVE_STRINGS_H 1
| #define HAVE_UNISTD_H 1
| #define HAVE__BOOL 1
| #define HAVE_STDBOOL_H 1
| /* end confdefs.h.  */
| #include <pthread.h>
| int
| main ()
| {
| pthread_t th; pthread_join(th, 0);
|                      pthread_attr_init(0); pthread_cleanup_push(0, 0);
|                      pthread_create(0,0,0,0); pthread_cleanup_pop(0);
|   ;
|   return 0;
| }
configure:5681: result: no
configure:5562: checking whether pthreads work with -kthread
configure:5648: gcc -o conftest -g -O2 -kthread   conftest.c  -lm  >&5
gcc: unrecognized option '-kthread'
/tmp/ccoX3sCG.o: In function `main':
/home/kkundert/SERENDIP-V.v/code/setilib/conftest.c:36: undefined reference to `pthread_join'
/home/kkundert/SERENDIP-V.v/code/setilib/conftest.c:37: undefined reference to `__pthread_register_cancel'
/home/kkundert/SERENDIP-V.v/code/setilib/conftest.c:38: undefined reference to `pthread_create'
/home/kkundert/SERENDIP-V.v/code/setilib/conftest.c:38: undefined reference to `__pthread_unregister_cancel'
collect2: ld returned 1 exit status
configure:5654: $? = 1
configure: failed program was:
| /* confdefs.h.  */
| 
| #define PACKAGE_NAME "setilib"
| #define PACKAGE_TARNAME "setilib"
| #define PACKAGE_VERSION "0.1"
| #define PACKAGE_STRING "setilib 0.1"
| #define PACKAGE_BUGREPORT ""
| #define PACKAGE "setilib"
| #define VERSION "0.1"
| #ifdef __cplusplus
| extern "C" void std::exit (int) throw (); using std::exit;
| #endif
| #define HAVE_LIBM 1
| #define STDC_HEADERS 1
| #define HAVE_SYS_TYPES_H 1
| #define HAVE_SYS_STAT_H 1
| #define HAVE_STDLIB_H 1
| #define HAVE_STRING_H 1
| #define HAVE_MEMORY_H 1
| #define HAVE_STRINGS_H 1
| #define HAVE_INTTYPES_H 1
| #define HAVE_STDINT_H 1
| #define HAVE_UNISTD_H 1
| #define HAVE_FCNTL_H 1
| #define HAVE_STDLIB_H 1
| #define HAVE_STRING_H 1
| #define HAVE_STRINGS_H 1
| #define HAVE_UNISTD_H 1
| #define HAVE__BOOL 1
| #define HAVE_STDBOOL_H 1
| /* end confdefs.h.  */
| #include <pthread.h>
| int
| main ()
| {
| pthread_t th; pthread_join(th, 0);
|                      pthread_attr_init(0); pthread_cleanup_push(0, 0);
|                      pthread_create(0,0,0,0); pthread_cleanup_pop(0);
|   ;
|   return 0;
| }
configure:5681: result: no
configure:5610: checking for the pthreads library -llthread
configure:5648: gcc -o conftest -g -O2    conftest.c -llthread -lm  >&5
/usr/bin/ld: cannot find -llthread
collect2: ld returned 1 exit status
configure:5654: $? = 1
configure: failed program was:
| /* confdefs.h.  */
| 
| #define PACKAGE_NAME "setilib"
| #define PACKAGE_TARNAME "setilib"
| #define PACKAGE_VERSION "0.1"
| #define PACKAGE_STRING "setilib 0.1"
| #define PACKAGE_BUGREPORT ""
| #define PACKAGE "setilib"
| #define VERSION "0.1"
| #ifdef __cplusplus
| extern "C" void std::exit (int) throw (); using std::exit;
| #endif
| #define HAVE_LIBM 1
| #define STDC_HEADERS 1
| #define HAVE_SYS_TYPES_H 1
| #define HAVE_SYS_STAT_H 1
| #define HAVE_STDLIB_H 1
| #define HAVE_STRING_H 1
| #define HAVE_MEMORY_H 1
| #define HAVE_STRINGS_H 1
| #define HAVE_INTTYPES_H 1
| #define HAVE_STDINT_H 1
| #define HAVE_UNISTD_H 1
| #define HAVE_FCNTL_H 1
| #define HAVE_STDLIB_H 1
| #define HAVE_STRING_H 1
| #define HAVE_STRINGS_H 1
| #define HAVE_UNISTD_H 1
| #define HAVE__BOOL 1
| #define HAVE_STDBOOL_H 1
| /* end confdefs.h.  */
| #include <pthread.h>
| int
| main ()
| {
| pthread_t th; pthread_join(th, 0);
|                      pthread_attr_init(0); pthread_cleanup_push(0, 0);
|                      pthread_create(0,0,0,0); pthread_cleanup_pop(0);
|   ;
|   return 0;
| }
configure:5681: result: no
configure:5562: checking whether pthreads work with -pthread
configure:5648: gcc -o conftest -g -O2 -pthread   conftest.c  -lm  >&5
configure:5654: $? = 0
configure:5658: test -z 
			 || test ! -s conftest.err
configure:5661: $? = 0
configure:5664: test -s conftest
configure:5667: $? = 0
configure:5681: result: yes
configure:5701: checking for joinable pthread attribute
configure:5719: gcc -o conftest -g -O2 -pthread   conftest.c  -lm  >&5
configure:5725: $? = 0
configure:5729: test -z 
			 || test ! -s conftest.err
configure:5732: $? = 0
configure:5735: test -s conftest
configure:5738: $? = 0
configure:5804: result: PTHREAD_CREATE_JOINABLE
configure:5811: checking if more special flags are required for pthreads
configure:5818: result: no
configure:5830: checking for cc_r
configure:5857: result: gcc
configure:5902: checking for pow
configure:5959: gcc -o conftest -g -O2   conftest.c -lm  >&5
conftest.c:57: warning: conflicting types for built-in function 'pow'
configure:5965: $? = 0
configure:5969: test -z 
			 || test ! -s conftest.err
configure:5972: $? = 0
configure:5975: test -s conftest
configure:5978: $? = 0
configure:5990: result: yes
configure:5902: checking for sqrt
configure:5959: gcc -o conftest -g -O2   conftest.c -lm  >&5
conftest.c:58: warning: conflicting types for built-in function 'sqrt'
configure:5965: $? = 0
configure:5969: test -z 
			 || test ! -s conftest.err
configure:5972: $? = 0
configure:5975: test -s conftest
configure:5978: $? = 0
configure:5990: result: yes
configure:5902: checking for strstr
configure:5959: gcc -o conftest -g -O2   conftest.c -lm  >&5
conftest.c:59: warning: conflicting types for built-in function 'strstr'
configure:5965: $? = 0
configure:5969: test -z 
			 || test ! -s conftest.err
configure:5972: $? = 0
configure:5975: test -s conftest
configure:5978: $? = 0
configure:5990: result: yes
configure:5902: checking for strlcat
configure:5959: gcc -o conftest -g -O2   conftest.c -lm  >&5
/tmp/ccQ56nnj.o: In function `main':
/home/kkundert/SERENDIP-V.v/code/setilib/conftest.c:75: undefined reference to `strlcat'
/tmp/ccQ56nnj.o:(.data+0x0): undefined reference to `strlcat'
collect2: ld returned 1 exit status
configure:5965: $? = 1
configure: failed program was:
| /* confdefs.h.  */
| 
| #define PACKAGE_NAME "setilib"
| #define PACKAGE_TARNAME "setilib"
| #define PACKAGE_VERSION "0.1"
| #define PACKAGE_STRING "setilib 0.1"
| #define PACKAGE_BUGREPORT ""
| #define PACKAGE "setilib"
| #define VERSION "0.1"
| #ifdef __cplusplus
| extern "C" void std::exit (int) throw (); using std::exit;
| #endif
| #define HAVE_LIBM 1
| #define STDC_HEADERS 1
| #define HAVE_SYS_TYPES_H 1
| #define HAVE_SYS_STAT_H 1
| #define HAVE_STDLIB_H 1
| #define HAVE_STRING_H 1
| #define HAVE_MEMORY_H 1
| #define HAVE_STRINGS_H 1
| #define HAVE_INTTYPES_H 1
| #define HAVE_STDINT_H 1
| #define HAVE_UNISTD_H 1
| #define HAVE_FCNTL_H 1
| #define HAVE_STDLIB_H 1
| #define HAVE_STRING_H 1
| #define HAVE_STRINGS_H 1
| #define HAVE_UNISTD_H 1
| #define HAVE__BOOL 1
| #define HAVE_STDBOOL_H 1
| #define HAVE_PTHREAD 1
| #define HAVE_POW 1
| #define HAVE_SQRT 1
| #define HAVE_STRSTR 1
| /* end confdefs.h.  */
| /* Define strlcat to an innocuous variant, in case <limits.h> declares strlcat.
|    For example, HP-UX 11i <limits.h> declares gettimeofday.  */
| #define strlcat innocuous_strlcat
| 
| /* System header to define __stub macros and hopefully few prototypes,
|     which can conflict with char strlcat (); below.
|     Prefer <limits.h> to <assert.h> if __STDC__ is defined, since
|     <limits.h> exists even on freestanding compilers.  */
| 
| #ifdef __STDC__
| # include <limits.h>
| #else
| # include <assert.h>
| #endif
| 
| #undef strlcat
| 
| /* Override any gcc2 internal prototype to avoid an error.  */
| #ifdef __cplusplus
| extern "C"
| {
| #endif
| /* We use char because int might match the return type of a gcc2
|    builtin and then its argument prototype would still apply.  */
| char strlcat ();
| /* The GNU C library defines this for functions which it implements
|     to always fail with ENOSYS.  Some functions are actually named
|     something starting with __ and the normal name is an alias.  */
| #if defined (__stub_strlcat) || defined (__stub___strlcat)
| choke me
| #else
| char (*f) () = strlcat;
| #endif
| #ifdef __cplusplus
| }
| #endif
| 
| int
| main ()
| {
| return f != strlcat;
|   ;
|   return 0;
| }
configure:5990: result: no
configure:5902: checking for strlcpy
configure:5959: gcc -o conftest -g -O2   conftest.c -lm  >&5
/tmp/ccWpOvJn.o: In function `main':
/home/kkundert/SERENDIP-V.v/code/setilib/conftest.c:75: undefined reference to `strlcpy'
/tmp/ccWpOvJn.o:(.data+0x0): undefined reference to `strlcpy'
collect2: ld returned 1 exit status
configure:5965: $? = 1
configure: failed program was:
| /* confdefs.h.  */
| 
| #define PACKAGE_NAME "setilib"
| #define PACKAGE_TARNAME "setilib"
| #define PACKAGE_VERSION "0.1"
| #define PACKAGE_STRING "setilib 0.1"
| #define PACKAGE_BUGREPORT ""
| #define PACKAGE "setilib"
| #define VERSION "0.1"
| #ifdef __cplusplus
| extern "C" void std::exit (int) throw (); using std::exit;
| #endif
| #define HAVE_LIBM 1
| #define STDC_HEADERS 1
| #define HAVE_SYS_TYPES_H 1
| #define HAVE_SYS_STAT_H 1
| #define HAVE_STDLIB_H 1
| #define HAVE_STRING_H 1
| #define HAVE_MEMORY_H 1
| #define HAVE_STRINGS_H 1
| #define HAVE_INTTYPES_H 1
| #define HAVE_STDINT_H 1
| #define HAVE_UNISTD_H 1
| #define HAVE_FCNTL_H 1
| #define HAVE_STDLIB_H 1
| #define HAVE_STRING_H 1
| #define HAVE_STRINGS_H 1
| #define HAVE_UNISTD_H 1
| #define HAVE__BOOL 1
| #define HAVE_STDBOOL_H 1
| #define HAVE_PTHREAD 1
| #define HAVE_POW 1
| #define HAVE_SQRT 1
| #define HAVE_STRSTR 1
| /* end confdefs.h.  */
| /* Define strlcpy to an innocuous variant, in case <limits.h> declares strlcpy.
|    For example, HP-UX 11i <limits.h> declares gettimeofday.  */
| #define strlcpy innocuous_strlcpy
| 
| /* System header to define __stub macros and hopefully few prototypes,
|     which can conflict with char strlcpy (); below.
|     Prefer <limits.h> to <assert.h> if __STDC__ is defined, since
|     <limits.h> exists even on freestanding compilers.  */
| 
| #ifdef __STDC__
| # include <limits.h>
| #else
| # include <assert.h>
| #endif
| 
| #undef strlcpy
| 
| /* Override any gcc2 internal prototype to avoid an error.  */
| #ifdef __cplusplus
| extern "C"
| {
| #endif
| /* We use char because int might match the return type of a gcc2
|    builtin and then its argument prototype would still apply.  */
| char strlcpy ();
| /* The GNU C library defines this for functions which it implements
|     to always fail with ENOSYS.  Some functions are actually named
|     something starting with __ and the normal name is an alias.  */
| #if defined (__stub_strlcpy) || defined (__stub___strlcpy)
| choke me
| #else
| char (*f) () = strlcpy;
| #endif
| #ifdef __cplusplus
| }
| #endif
| 
| int
| main ()
| {
| return f != strlcpy;
|   ;
|   return 0;
| }
configure:5990: result: no
configure:5902: checking for atoll
configure:5959: gcc -o conftest -g -O2   conftest.c -lm  >&5
configure:5965: $? = 0
configure:5969: test -z 
			 || test ! -s conftest.err
configure:5972: $? = 0
configure:5975: test -s conftest
configure:5978: $? = 0
configure:5990: result: yes
configure:6009: checking for head
configure:6027: found /usr/bin/head
configure:6039: result: /usr/bin/head
configure:6051: checking for find
configure:6069: found /usr/bin/find
configure:6081: result: /usr/bin/find
configure:6090: checking for BOINC
configure:6121: result: not found
configure:6138: checking for RSAPublicEncrypt in -lrsaeuro
configure:6168: gcc -o conftest -g -O2   conftest.c -lrsaeuro  -lm  -L/RSAEuro/source >&5
/usr/bin/ld: cannot find -lrsaeuro
collect2: ld returned 1 exit status
configure:6174: $? = 1
configure: failed program was:
| /* confdefs.h.  */
| 
| #define PACKAGE_NAME "setilib"
| #define PACKAGE_TARNAME "setilib"
| #define PACKAGE_VERSION "0.1"
| #define PACKAGE_STRING "setilib 0.1"
| #define PACKAGE_BUGREPORT ""
| #define PACKAGE "setilib"
| #define VERSION "0.1"
| #ifdef __cplusplus
| extern "C" void std::exit (int) throw (); using std::exit;
| #endif
| #define HAVE_LIBM 1
| #define STDC_HEADERS 1
| #define HAVE_SYS_TYPES_H 1
| #define HAVE_SYS_STAT_H 1
| #define HAVE_STDLIB_H 1
| #define HAVE_STRING_H 1
| #define HAVE_MEMORY_H 1
| #define HAVE_STRINGS_H 1
| #define HAVE_INTTYPES_H 1
| #define HAVE_STDINT_H 1
| #define HAVE_UNISTD_H 1
| #define HAVE_FCNTL_H 1
| #define HAVE_STDLIB_H 1
| #define HAVE_STRING_H 1
| #define HAVE_STRINGS_H 1
| #define HAVE_UNISTD_H 1
| #define HAVE__BOOL 1
| #define HAVE_STDBOOL_H 1
| #define HAVE_PTHREAD 1
| #define HAVE_POW 1
| #define HAVE_SQRT 1
| #define HAVE_STRSTR 1
| #define HAVE_ATOLL 1
| #define PROJECTDIR "/home/boincadm/projects/sah"
| /* end confdefs.h.  */
| 
| /* Override any gcc2 internal prototype to avoid an error.  */
| #ifdef __cplusplus
| extern "C"
| #endif
| /* We use char because int might match the return type of a gcc2
|    builtin and then its argument prototype would still apply.  */
| char RSAPublicEncrypt ();
| int
| main ()
| {
| RSAPublicEncrypt ();
|   ;
|   return 0;
| }
configure:6200: result: no
configure:6216: checking seti_boinc location
configure:6235: result: /home/kkundert/SERENDIP-V.v/code/seti_boinc
configure:6248: checking for Informix
configure:6254: checking for dbaccess
configure:6288: result: no
configure:6706: result: no
configure:6732: checking for mysql_config
configure:6751: found /usr/bin/mysql_config
configure:6763: result: /usr/bin/mysql_config
configure:6776: result: yes
configure:6778: checking mysql libraries
configure:6781: result: -rdynamic -L/usr/lib64/mysql -lmysqlclient -lz -lcrypt -lnsl -lm -L/usr/lib64 -lssl -lcrypto
configure:6783: checking mysql includes
configure:6791: result: -I/usr/include/mysql  -g -pipe -Wp,-D_FORTIFY_SOURCE=2 -fexceptions -fstack-protector --param=ssp-buffer-size=4 -m64 -D_GNU_SOURCE -D_FILE_OFFSET_BITS=64 -D_LARGEFILE_SOURCE -fno-strict-aliasing -fwrapv
configure:6891: checking for HEALPIX
configure:6918: result: /home/kkundert
configure:6928: checking whether largefile support breaks C++
configure:6957: g++ -o conftest -g -O2   conftest.cc -lm  >&5
configure:6963: $? = 0
configure:6967: test -z 
			 || test ! -s conftest.err
configure:6970: $? = 0
configure:6973: test -s conftest
configure:6976: $? = 0
configure:6995: result: no
configure:7021: checking standard C++ headers
configure:7051: g++ -c -g -O2  conftest.cc >&5
conftest.cc:43:28: error: /lib/std_fixes.h: No such file or directory
configure:7057: $? = 1
configure: failed program was:
| 
|     /* confdefs.h.  */
| 
| #define PACKAGE_NAME "setilib"
| #define PACKAGE_TARNAME "setilib"
| #define PACKAGE_VERSION "0.1"
| #define PACKAGE_STRING "setilib 0.1"
| #define PACKAGE_BUGREPORT ""
| #define PACKAGE "setilib"
| #define VERSION "0.1"
| #ifdef __cplusplus
| extern "C" void std::exit (int) throw (); using std::exit;
| #endif
| #define HAVE_LIBM 1
| #define STDC_HEADERS 1
| #define HAVE_SYS_TYPES_H 1
| #define HAVE_SYS_STAT_H 1
| #define HAVE_STDLIB_H 1
| #define HAVE_STRING_H 1
| #define HAVE_MEMORY_H 1
| #define HAVE_STRINGS_H 1
| #define HAVE_INTTYPES_H 1
| #define HAVE_STDINT_H 1
| #define HAVE_UNISTD_H 1
| #define HAVE_FCNTL_H 1
| #define HAVE_STDLIB_H 1
| #define HAVE_STRING_H 1
| #define HAVE_STRINGS_H 1
| #define HAVE_UNISTD_H 1
| #define HAVE__BOOL 1
| #define HAVE_STDBOOL_H 1
| #define HAVE_PTHREAD 1
| #define HAVE_POW 1
| #define HAVE_SQRT 1
| #define HAVE_STRSTR 1
| #define HAVE_ATOLL 1
| #define PROJECTDIR "/home/boincadm/projects/sah"
| #define USE_MYSQL 1
| /* end confdefs.h.  */
| 
| 
| #define CONFIG_TEST
| #include "/lib/std_fixes.h"
| #include <stdio.h>
| #if HAVE_SYS_TYPES_H
| # include <sys/types.h>
| #endif
| #if HAVE_SYS_STAT_H
| # include <sys/stat.h>
| #endif
| #if STDC_HEADERS
| # include <stdlib.h>
| # include <stddef.h>
| #else
| # if HAVE_STDLIB_H
| #  include <stdlib.h>
| # endif
| #endif
| #if HAVE_STRING_H
| # if !STDC_HEADERS && HAVE_MEMORY_H
| #  include <memory.h>
| # endif
| # include <string.h>
| #endif
| #if HAVE_STRINGS_H
| # include <strings.h>
| #endif
| #if HAVE_INTTYPES_H
| # include <inttypes.h>
| #else
| # if HAVE_STDINT_H
| #  include <stdint.h>
| # endif
| #endif
| #if HAVE_UNISTD_H
| # include <unistd.h>
| #endif
| 
| 
| 
| #include <algorithm>
| 
| #include <bitset>
| 
| #include <cassert>
| 
| #include <cctype>
| 
| #include <cerrno>
| 
| #include <cfloat>
| 
| #include <climits>
| 
| #include <clocale>
| 
| #include <cmath>
| 
| #include <complex>
| 
| #include <csetjmp>
| 
| #include <csignal>
| 
| #include <cstdarg>
| 
| #include <cstddef>
| 
| #include <cstdio>
| 
| #include <cstdlib>
| 
| #include <cstring>
| 
| #include <ctime>
| 
| #include <deque>
| 
| #include <fstream>
| 
| #include <functional>
| 
| #include <iomanip>
| 
| #include <ios>
| 
| #include <iosfwd>
| 
| #include <iostream>
| 
| #include <istream>
| 
| #include <iterator>
| 
| #include <limits>
| 
| #include <list>
| 
| #include <locale>
| 
| #include <map>
| 
| #include <memory>
| 
| #include <numeric>
| 
| #include <ostream>
| 
| #include <queue>
| 
| #include <set>
| 
| #include <sstream>
| 
| #include <stack>
| 
| #include <stdexcept>
| 
| #include <streambuf>
| 
| #include <string>
| 
| #include <utility>
| 
| #include <valarray>
| 
| #include <vector>
| 
| 
| int
| main ()
| {
| 
| 
|   ;
|   return 0;
| }
configure:7104: result: no
configure:7120: checking algorithm usability
configure:7132: g++ -c -g -O2  conftest.cc >&5
configure:7138: $? = 0
configure:7142: test -z 
			 || test ! -s conftest.err
configure:7145: $? = 0
configure:7148: test -s conftest.o
configure:7151: $? = 0
configure:7161: result: yes
configure:7165: checking algorithm presence
configure:7175: g++ -E  conftest.cc
configure:7181: $? = 0
configure:7201: result: yes
configure:7236: checking for algorithm
configure:7243: result: yes
configure:7120: checking bitset usability
configure:7132: g++ -c -g -O2  conftest.cc >&5
configure:7138: $? = 0
configure:7142: test -z 
			 || test ! -s conftest.err
configure:7145: $? = 0
configure:7148: test -s conftest.o
configure:7151: $? = 0
configure:7161: result: yes
configure:7165: checking bitset presence
configure:7175: g++ -E  conftest.cc
configure:7181: $? = 0
configure:7201: result: yes
configure:7236: checking for bitset
configure:7243: result: yes
configure:7120: checking cassert usability
configure:7132: g++ -c -g -O2  conftest.cc >&5
configure:7138: $? = 0
configure:7142: test -z 
			 || test ! -s conftest.err
configure:7145: $? = 0
configure:7148: test -s conftest.o
configure:7151: $? = 0
configure:7161: result: yes
configure:7165: checking cassert presence
configure:7175: g++ -E  conftest.cc
configure:7181: $? = 0
configure:7201: result: yes
configure:7236: checking for cassert
configure:7243: result: yes
configure:7120: checking cctype usability
configure:7132: g++ -c -g -O2  conftest.cc >&5
configure:7138: $? = 0
configure:7142: test -z 
			 || test ! -s conftest.err
configure:7145: $? = 0
configure:7148: test -s conftest.o
configure:7151: $? = 0
configure:7161: result: yes
configure:7165: checking cctype presence
configure:7175: g++ -E  conftest.cc
configure:7181: $? = 0
configure:7201: result: yes
configure:7236: checking for cctype
configure:7243: result: yes
configure:7120: checking cerrno usability
configure:7132: g++ -c -g -O2  conftest.cc >&5
configure:7138: $? = 0
configure:7142: test -z 
			 || test ! -s conftest.err
configure:7145: $? = 0
configure:7148: test -s conftest.o
configure:7151: $? = 0
configure:7161: result: yes
configure:7165: checking cerrno presence
configure:7175: g++ -E  conftest.cc
configure:7181: $? = 0
configure:7201: result: yes
configure:7236: checking for cerrno
configure:7243: result: yes
configure:7120: checking cfloat usability
configure:7132: g++ -c -g -O2  conftest.cc >&5
configure:7138: $? = 0
configure:7142: test -z 
			 || test ! -s conftest.err
configure:7145: $? = 0
configure:7148: test -s conftest.o
configure:7151: $? = 0
configure:7161: result: yes
configure:7165: checking cfloat presence
configure:7175: g++ -E  conftest.cc
configure:7181: $? = 0
configure:7201: result: yes
configure:7236: checking for cfloat
configure:7243: result: yes
configure:7120: checking climits usability
configure:7132: g++ -c -g -O2  conftest.cc >&5
configure:7138: $? = 0
configure:7142: test -z 
			 || test ! -s conftest.err
configure:7145: $? = 0
configure:7148: test -s conftest.o
configure:7151: $? = 0
configure:7161: result: yes
configure:7165: checking climits presence
configure:7175: g++ -E  conftest.cc
configure:7181: $? = 0
configure:7201: result: yes
configure:7236: checking for climits
configure:7243: result: yes
configure:7120: checking clocale usability
configure:7132: g++ -c -g -O2  conftest.cc >&5
configure:7138: $? = 0
configure:7142: test -z 
			 || test ! -s conftest.err
configure:7145: $? = 0
configure:7148: test -s conftest.o
configure:7151: $? = 0
configure:7161: result: yes
configure:7165: checking clocale presence
configure:7175: g++ -E  conftest.cc
configure:7181: $? = 0
configure:7201: result: yes
configure:7236: checking for clocale
configure:7243: result: yes
configure:7120: checking cmath usability
configure:7132: g++ -c -g -O2  conftest.cc >&5
configure:7138: $? = 0
configure:7142: test -z 
			 || test ! -s conftest.err
configure:7145: $? = 0
configure:7148: test -s conftest.o
configure:7151: $? = 0
configure:7161: result: yes
configure:7165: checking cmath presence
configure:7175: g++ -E  conftest.cc
configure:7181: $? = 0
configure:7201: result: yes
configure:7236: checking for cmath
configure:7243: result: yes
configure:7120: checking complex usability
configure:7132: g++ -c -g -O2  conftest.cc >&5
configure:7138: $? = 0
configure:7142: test -z 
			 || test ! -s conftest.err
configure:7145: $? = 0
configure:7148: test -s conftest.o
configure:7151: $? = 0
configure:7161: result: yes
configure:7165: checking complex presence
configure:7175: g++ -E  conftest.cc
configure:7181: $? = 0
configure:7201: result: yes
configure:7236: checking for complex
configure:7243: result: yes
configure:7120: checking csetjmp usability
configure:7132: g++ -c -g -O2  conftest.cc >&5
configure:7138: $? = 0
configure:7142: test -z 
			 || test ! -s conftest.err
configure:7145: $? = 0
configure:7148: test -s conftest.o
configure:7151: $? = 0
configure:7161: result: yes
configure:7165: checking csetjmp presence
configure:7175: g++ -E  conftest.cc
configure:7181: $? = 0
configure:7201: result: yes
configure:7236: checking for csetjmp
configure:7243: result: yes
configure:7120: checking csignal usability
configure:7132: g++ -c -g -O2  conftest.cc >&5
configure:7138: $? = 0
configure:7142: test -z 
			 || test ! -s conftest.err
configure:7145: $? = 0
configure:7148: test -s conftest.o
configure:7151: $? = 0
configure:7161: result: yes
configure:7165: checking csignal presence
configure:7175: g++ -E  conftest.cc
configure:7181: $? = 0
configure:7201: result: yes
configure:7236: checking for csignal
configure:7243: result: yes
configure:7120: checking cstdarg usability
configure:7132: g++ -c -g -O2  conftest.cc >&5
configure:7138: $? = 0
configure:7142: test -z 
			 || test ! -s conftest.err
configure:7145: $? = 0
configure:7148: test -s conftest.o
configure:7151: $? = 0
configure:7161: result: yes
configure:7165: checking cstdarg presence
configure:7175: g++ -E  conftest.cc
configure:7181: $? = 0
configure:7201: result: yes
configure:7236: checking for cstdarg
configure:7243: result: yes
configure:7120: checking cstddef usability
configure:7132: g++ -c -g -O2  conftest.cc >&5
configure:7138: $? = 0
configure:7142: test -z 
			 || test ! -s conftest.err
configure:7145: $? = 0
configure:7148: test -s conftest.o
configure:7151: $? = 0
configure:7161: result: yes
configure:7165: checking cstddef presence
configure:7175: g++ -E  conftest.cc
configure:7181: $? = 0
configure:7201: result: yes
configure:7236: checking for cstddef
configure:7243: result: yes
configure:7120: checking cstdio usability
configure:7132: g++ -c -g -O2  conftest.cc >&5
configure:7138: $? = 0
configure:7142: test -z 
			 || test ! -s conftest.err
configure:7145: $? = 0
configure:7148: test -s conftest.o
configure:7151: $? = 0
configure:7161: result: yes
configure:7165: checking cstdio presence
configure:7175: g++ -E  conftest.cc
configure:7181: $? = 0
configure:7201: result: yes
configure:7236: checking for cstdio
configure:7243: result: yes
configure:7120: checking cstdlib usability
configure:7132: g++ -c -g -O2  conftest.cc >&5
configure:7138: $? = 0
configure:7142: test -z 
			 || test ! -s conftest.err
configure:7145: $? = 0
configure:7148: test -s conftest.o
configure:7151: $? = 0
configure:7161: result: yes
configure:7165: checking cstdlib presence
configure:7175: g++ -E  conftest.cc
configure:7181: $? = 0
configure:7201: result: yes
configure:7236: checking for cstdlib
configure:7243: result: yes
configure:7120: checking cstring usability
configure:7132: g++ -c -g -O2  conftest.cc >&5
configure:7138: $? = 0
configure:7142: test -z 
			 || test ! -s conftest.err
configure:7145: $? = 0
configure:7148: test -s conftest.o
configure:7151: $? = 0
configure:7161: result: yes
configure:7165: checking cstring presence
configure:7175: g++ -E  conftest.cc
configure:7181: $? = 0
configure:7201: result: yes
configure:7236: checking for cstring
configure:7243: result: yes
configure:7120: checking ctime usability
configure:7132: g++ -c -g -O2  conftest.cc >&5
configure:7138: $? = 0
configure:7142: test -z 
			 || test ! -s conftest.err
configure:7145: $? = 0
configure:7148: test -s conftest.o
configure:7151: $? = 0
configure:7161: result: yes
configure:7165: checking ctime presence
configure:7175: g++ -E  conftest.cc
configure:7181: $? = 0
configure:7201: result: yes
configure:7236: checking for ctime
configure:7243: result: yes
configure:7120: checking deque usability
configure:7132: g++ -c -g -O2  conftest.cc >&5
configure:7138: $? = 0
configure:7142: test -z 
			 || test ! -s conftest.err
configure:7145: $? = 0
configure:7148: test -s conftest.o
configure:7151: $? = 0
configure:7161: result: yes
configure:7165: checking deque presence
configure:7175: g++ -E  conftest.cc
configure:7181: $? = 0
configure:7201: result: yes
configure:7236: checking for deque
configure:7243: result: yes
configure:7120: checking fstream usability
configure:7132: g++ -c -g -O2  conftest.cc >&5
configure:7138: $? = 0
configure:7142: test -z 
			 || test ! -s conftest.err
configure:7145: $? = 0
configure:7148: test -s conftest.o
configure:7151: $? = 0
configure:7161: result: yes
configure:7165: checking fstream presence
configure:7175: g++ -E  conftest.cc
configure:7181: $? = 0
configure:7201: result: yes
configure:7236: checking for fstream
configure:7243: result: yes
configure:7120: checking functional usability
configure:7132: g++ -c -g -O2  conftest.cc >&5
configure:7138: $? = 0
configure:7142: test -z 
			 || test ! -s conftest.err
configure:7145: $? = 0
configure:7148: test -s conftest.o
configure:7151: $? = 0
configure:7161: result: yes
configure:7165: checking functional presence
configure:7175: g++ -E  conftest.cc
configure:7181: $? = 0
configure:7201: result: yes
configure:7236: checking for functional
configure:7243: result: yes
configure:7120: checking iomanip usability
configure:7132: g++ -c -g -O2  conftest.cc >&5
configure:7138: $? = 0
configure:7142: test -z 
			 || test ! -s conftest.err
configure:7145: $? = 0
configure:7148: test -s conftest.o
configure:7151: $? = 0
configure:7161: result: yes
configure:7165: checking iomanip presence
configure:7175: g++ -E  conftest.cc
configure:7181: $? = 0
configure:7201: result: yes
configure:7236: checking for iomanip
configure:7243: result: yes
configure:7120: checking ios usability
configure:7132: g++ -c -g -O2  conftest.cc >&5
configure:7138: $? = 0
configure:7142: test -z 
			 || test ! -s conftest.err
configure:7145: $? = 0
configure:7148: test -s conftest.o
configure:7151: $? = 0
configure:7161: result: yes
configure:7165: checking ios presence
configure:7175: g++ -E  conftest.cc
configure:7181: $? = 0
configure:7201: result: yes
configure:7236: checking for ios
configure:7243: result: yes
configure:7120: checking iosfwd usability
configure:7132: g++ -c -g -O2  conftest.cc >&5
configure:7138: $? = 0
configure:7142: test -z 
			 || test ! -s conftest.err
configure:7145: $? = 0
configure:7148: test -s conftest.o
configure:7151: $? = 0
configure:7161: result: yes
configure:7165: checking iosfwd presence
configure:7175: g++ -E  conftest.cc
configure:7181: $? = 0
configure:7201: result: yes
configure:7236: checking for iosfwd
configure:7243: result: yes
configure:7120: checking iostream usability
configure:7132: g++ -c -g -O2  conftest.cc >&5
configure:7138: $? = 0
configure:7142: test -z 
			 || test ! -s conftest.err
configure:7145: $? = 0
configure:7148: test -s conftest.o
configure:7151: $? = 0
configure:7161: result: yes
configure:7165: checking iostream presence
configure:7175: g++ -E  conftest.cc
configure:7181: $? = 0
configure:7201: result: yes
configure:7236: checking for iostream
configure:7243: result: yes
configure:7120: checking istream usability
configure:7132: g++ -c -g -O2  conftest.cc >&5
configure:7138: $? = 0
configure:7142: test -z 
			 || test ! -s conftest.err
configure:7145: $? = 0
configure:7148: test -s conftest.o
configure:7151: $? = 0
configure:7161: result: yes
configure:7165: checking istream presence
configure:7175: g++ -E  conftest.cc
configure:7181: $? = 0
configure:7201: result: yes
configure:7236: checking for istream
configure:7243: result: yes
configure:7120: checking iterator usability
configure:7132: g++ -c -g -O2  conftest.cc >&5
configure:7138: $? = 0
configure:7142: test -z 
			 || test ! -s conftest.err
configure:7145: $? = 0
configure:7148: test -s conftest.o
configure:7151: $? = 0
configure:7161: result: yes
configure:7165: checking iterator presence
configure:7175: g++ -E  conftest.cc
configure:7181: $? = 0
configure:7201: result: yes
configure:7236: checking for iterator
configure:7243: result: yes
configure:7120: checking limits usability
configure:7132: g++ -c -g -O2  conftest.cc >&5
configure:7138: $? = 0
configure:7142: test -z 
			 || test ! -s conftest.err
configure:7145: $? = 0
configure:7148: test -s conftest.o
configure:7151: $? = 0
configure:7161: result: yes
configure:7165: checking limits presence
configure:7175: g++ -E  conftest.cc
configure:7181: $? = 0
configure:7201: result: yes
configure:7236: checking for limits
configure:7243: result: yes
configure:7120: checking list usability
configure:7132: g++ -c -g -O2  conftest.cc >&5
configure:7138: $? = 0
configure:7142: test -z 
			 || test ! -s conftest.err
configure:7145: $? = 0
configure:7148: test -s conftest.o
configure:7151: $? = 0
configure:7161: result: yes
configure:7165: checking list presence
configure:7175: g++ -E  conftest.cc
configure:7181: $? = 0
configure:7201: result: yes
configure:7236: checking for list
configure:7243: result: yes
configure:7120: checking locale usability
configure:7132: g++ -c -g -O2  conftest.cc >&5
configure:7138: $? = 0
configure:7142: test -z 
			 || test ! -s conftest.err
configure:7145: $? = 0
configure:7148: test -s conftest.o
configure:7151: $? = 0
configure:7161: result: yes
configure:7165: checking locale presence
configure:7175: g++ -E  conftest.cc
configure:7181: $? = 0
configure:7201: result: yes
configure:7236: checking for locale
configure:7243: result: yes
configure:7120: checking map usability
configure:7132: g++ -c -g -O2  conftest.cc >&5
configure:7138: $? = 0
configure:7142: test -z 
			 || test ! -s conftest.err
configure:7145: $? = 0
configure:7148: test -s conftest.o
configure:7151: $? = 0
configure:7161: result: yes
configure:7165: checking map presence
configure:7175: g++ -E  conftest.cc
configure:7181: $? = 0
configure:7201: result: yes
configure:7236: checking for map
configure:7243: result: yes
configure:7120: checking memory usability
configure:7132: g++ -c -g -O2  conftest.cc >&5
configure:7138: $? = 0
configure:7142: test -z 
			 || test ! -s conftest.err
configure:7145: $? = 0
configure:7148: test -s conftest.o
configure:7151: $? = 0
configure:7161: result: yes
configure:7165: checking memory presence
configure:7175: g++ -E  conftest.cc
configure:7181: $? = 0
configure:7201: result: yes
configure:7236: checking for memory
configure:7243: result: yes
configure:7120: checking numeric usability
configure:7132: g++ -c -g -O2  conftest.cc >&5
configure:7138: $? = 0
configure:7142: test -z 
			 || test ! -s conftest.err
configure:7145: $? = 0
configure:7148: test -s conftest.o
configure:7151: $? = 0
configure:7161: result: yes
configure:7165: checking numeric presence
configure:7175: g++ -E  conftest.cc
configure:7181: $? = 0
configure:7201: result: yes
configure:7236: checking for numeric
configure:7243: result: yes
configure:7120: checking ostream usability
configure:7132: g++ -c -g -O2  conftest.cc >&5
configure:7138: $? = 0
configure:7142: test -z 
			 || test ! -s conftest.err
configure:7145: $? = 0
configure:7148: test -s conftest.o
configure:7151: $? = 0
configure:7161: result: yes
configure:7165: checking ostream presence
configure:7175: g++ -E  conftest.cc
configure:7181: $? = 0
configure:7201: result: yes
configure:7236: checking for ostream
configure:7243: result: yes
configure:7120: checking queue usability
configure:7132: g++ -c -g -O2  conftest.cc >&5
configure:7138: $? = 0
configure:7142: test -z 
			 || test ! -s conftest.err
configure:7145: $? = 0
configure:7148: test -s conftest.o
configure:7151: $? = 0
configure:7161: result: yes
configure:7165: checking queue presence
configure:7175: g++ -E  conftest.cc
configure:7181: $? = 0
configure:7201: result: yes
configure:7236: checking for queue
configure:7243: result: yes
configure:7120: checking set usability
configure:7132: g++ -c -g -O2  conftest.cc >&5
configure:7138: $? = 0
configure:7142: test -z 
			 || test ! -s conftest.err
configure:7145: $? = 0
configure:7148: test -s conftest.o
configure:7151: $? = 0
configure:7161: result: yes
configure:7165: checking set presence
configure:7175: g++ -E  conftest.cc
configure:7181: $? = 0
configure:7201: result: yes
configure:7236: checking for set
configure:7243: result: yes
configure:7120: checking sstream usability
configure:7132: g++ -c -g -O2  conftest.cc >&5
configure:7138: $? = 0
configure:7142: test -z 
			 || test ! -s conftest.err
configure:7145: $? = 0
configure:7148: test -s conftest.o
configure:7151: $? = 0
configure:7161: result: yes
configure:7165: checking sstream presence
configure:7175: g++ -E  conftest.cc
configure:7181: $? = 0
configure:7201: result: yes
configure:7236: checking for sstream
configure:7243: result: yes
configure:7120: checking stack usability
configure:7132: g++ -c -g -O2  conftest.cc >&5
configure:7138: $? = 0
configure:7142: test -z 
			 || test ! -s conftest.err
configure:7145: $? = 0
configure:7148: test -s conftest.o
configure:7151: $? = 0
configure:7161: result: yes
configure:7165: checking stack presence
configure:7175: g++ -E  conftest.cc
configure:7181: $? = 0
configure:7201: result: yes
configure:7236: checking for stack
configure:7243: result: yes
configure:7120: checking stdexcept usability
configure:7132: g++ -c -g -O2  conftest.cc >&5
configure:7138: $? = 0
configure:7142: test -z 
			 || test ! -s conftest.err
configure:7145: $? = 0
configure:7148: test -s conftest.o
configure:7151: $? = 0
configure:7161: result: yes
configure:7165: checking stdexcept presence
configure:7175: g++ -E  conftest.cc
configure:7181: $? = 0
configure:7201: result: yes
configure:7236: checking for stdexcept
configure:7243: result: yes
configure:7120: checking streambuf usability
configure:7132: g++ -c -g -O2  conftest.cc >&5
configure:7138: $? = 0
configure:7142: test -z 
			 || test ! -s conftest.err
configure:7145: $? = 0
configure:7148: test -s conftest.o
configure:7151: $? = 0
configure:7161: result: yes
configure:7165: checking streambuf presence
configure:7175: g++ -E  conftest.cc
configure:7181: $? = 0
configure:7201: result: yes
configure:7236: checking for streambuf
configure:7243: result: yes
configure:7120: checking string usability
configure:7132: g++ -c -g -O2  conftest.cc >&5
configure:7138: $? = 0
configure:7142: test -z 
			 || test ! -s conftest.err
configure:7145: $? = 0
configure:7148: test -s conftest.o
configure:7151: $? = 0
configure:7161: result: yes
configure:7165: checking string presence
configure:7175: g++ -E  conftest.cc
configure:7181: $? = 0
configure:7201: result: yes
configure:7236: checking for string
configure:7243: result: yes
configure:7120: checking utility usability
configure:7132: g++ -c -g -O2  conftest.cc >&5
configure:7138: $? = 0
configure:7142: test -z 
			 || test ! -s conftest.err
configure:7145: $? = 0
configure:7148: test -s conftest.o
configure:7151: $? = 0
configure:7161: result: yes
configure:7165: checking utility presence
configure:7175: g++ -E  conftest.cc
configure:7181: $? = 0
configure:7201: result: yes
configure:7236: checking for utility
configure:7243: result: yes
configure:7120: checking valarray usability
configure:7132: g++ -c -g -O2  conftest.cc >&5
configure:7138: $? = 0
configure:7142: test -z 
			 || test ! -s conftest.err
configure:7145: $? = 0
configure:7148: test -s conftest.o
configure:7151: $? = 0
configure:7161: result: yes
configure:7165: checking valarray presence
configure:7175: g++ -E  conftest.cc
configure:7181: $? = 0
configure:7201: result: yes
configure:7236: checking for valarray
configure:7243: result: yes
configure:7120: checking vector usability
configure:7132: g++ -c -g -O2  conftest.cc >&5
configure:7138: $? = 0
configure:7142: test -z 
			 || test ! -s conftest.err
configure:7145: $? = 0
configure:7148: test -s conftest.o
configure:7151: $? = 0
configure:7161: result: yes
configure:7165: checking vector presence
configure:7175: g++ -E  conftest.cc
configure:7181: $? = 0
configure:7201: result: yes
configure:7236: checking for vector
configure:7243: result: yes
configure:7340: checking for C++ namespaces
configure:7371: g++ -c -g -O2  conftest.cc >&5
configure:7377: $? = 0
configure:7381: test -z 
			 || test ! -s conftest.err
configure:7384: $? = 0
configure:7387: test -s conftest.o
configure:7390: $? = 0
configure:7402: result: yes
configure:7442: checking for min(0,0) in namespace std
configure:7469: g++ -o conftest -g -O2   conftest.cc -lm  >&5
configure:7475: $? = 0
configure:7479: test -z 
			 || test ! -s conftest.err
configure:7482: $? = 0
configure:7485: test -s conftest
configure:7488: $? = 0
configure:7506: result: yes
configure:7442: checking for max(0,0) in namespace std
configure:7469: g++ -o conftest -g -O2   conftest.cc -lm  >&5
configure:7475: $? = 0
configure:7479: test -z 
			 || test ! -s conftest.err
configure:7482: $? = 0
configure:7485: test -s conftest
configure:7488: $? = 0
configure:7506: result: yes
configure:7442: checking for transform((char *)0,(char *)0,(char *)0,(int(*)(int))malloc) in namespace std
configure:7469: g++ -o conftest -g -O2   conftest.cc -lm  >&5
configure:7475: $? = 0
configure:7479: test -z 
			 || test ! -s conftest.err
configure:7482: $? = 0
configure:7485: test -s conftest
configure:7488: $? = 0
configure:7506: result: yes
configure:7657: creating ./config.status

## ---------------------- ##
## Running config.status. ##
## ---------------------- ##

This file was extended by setilib config.status 0.1, which was
generated by GNU Autoconf 2.59.  Invocation command line was

  CONFIG_FILES    = 
  CONFIG_HEADERS  = 
  CONFIG_LINKS    = 
  CONFIG_COMMANDS = 
  $ ./config.status 

on sting.eecs.berkeley.edu

config.status:738: creating lib/Makefile
config.status:738: creating Makefile
config.status:738: creating include/Makefile
config.status:738: creating demo/Makefile
config.status:842: creating seti_config.h
config.status:1290: executing depfiles commands

## ---------------- ##
## Cache variables. ##
## ---------------- ##

ac_cv_build=x86_64-unknown-linux-gnu
ac_cv_build_alias=x86_64-unknown-linux-gnu
ac_cv_c_bigendian=no
ac_cv_c_compiler_gnu=yes
ac_cv_c_const=yes
ac_cv_cxx_compiler_gnu=yes
ac_cv_env_BOINCDIR_set=
ac_cv_env_BOINCDIR_value=
ac_cv_env_CC_set=
ac_cv_env_CC_value=
ac_cv_env_CFLAGS_set=
ac_cv_env_CFLAGS_value=
ac_cv_env_CPPFLAGS_set=
ac_cv_env_CPPFLAGS_value=
ac_cv_env_CPP_set=
ac_cv_env_CPP_value=
ac_cv_env_CXXCPP_set=
ac_cv_env_CXXCPP_value=
ac_cv_env_CXXFLAGS_set=
ac_cv_env_CXXFLAGS_value=
ac_cv_env_CXX_set=
ac_cv_env_CXX_value=
ac_cv_env_HEALPIX_set=
ac_cv_env_HEALPIX_value=
ac_cv_env_INFORMIXDIR_set=
ac_cv_env_INFORMIXDIR_value=
ac_cv_env_LDFLAGS_set=
ac_cv_env_LDFLAGS_value=
ac_cv_env_MYSQL_CONFIG_set=
ac_cv_env_MYSQL_CONFIG_value=
ac_cv_env_PROJECTDIR_set=
ac_cv_env_PROJECTDIR_value=
ac_cv_env_build_alias_set=
ac_cv_env_build_alias_value=
ac_cv_env_host_alias_set=
ac_cv_env_host_alias_value=
ac_cv_env_target_alias_set=
ac_cv_env_target_alias_value=
ac_cv_exeext=
ac_cv_func_atoll=yes
ac_cv_func_pow=yes
ac_cv_func_sqrt=yes
ac_cv_func_strlcat=no
ac_cv_func_strlcpy=no
ac_cv_func_strstr=yes
ac_cv_header_algorithm=yes
ac_cv_header_bitset=yes
ac_cv_header_cassert=yes
ac_cv_header_cctype=yes
ac_cv_header_cerrno=yes
ac_cv_header_cfloat=yes
ac_cv_header_climits=yes
ac_cv_header_clocale=yes
ac_cv_header_cmath=yes
ac_cv_header_complex=yes
ac_cv_header_csetjmp=yes
ac_cv_header_csignal=yes
ac_cv_header_cstdarg=yes
ac_cv_header_cstddef=yes
ac_cv_header_cstdio=yes
ac_cv_header_cstdlib=yes
ac_cv_header_cstring=yes
ac_cv_header_ctime=yes
ac_cv_header_deque=yes
ac_cv_header_fcntl_h=yes
ac_cv_header_fftw3_h=no
ac_cv_header_fstream=yes
ac_cv_header_functional=yes
ac_cv_header_inttypes_h=yes
ac_cv_header_iomanip=yes
ac_cv_header_ios=yes
ac_cv_header_iosfwd=yes
ac_cv_header_iostream=yes
ac_cv_header_istream=yes
ac_cv_header_iterator=yes
ac_cv_header_limits=yes
ac_cv_header_list=yes
ac_cv_header_locale=yes
ac_cv_header_map=yes
ac_cv_header_memory=yes
ac_cv_header_memory_h=yes
ac_cv_header_numeric=yes
ac_cv_header_ostream=yes
ac_cv_header_queue=yes
ac_cv_header_set=yes
ac_cv_header_sstream=yes
ac_cv_header_stack=yes
ac_cv_header_stdbool_h=yes
ac_cv_header_stdc=yes
ac_cv_header_stdexcept=yes
ac_cv_header_stdint_h=yes
ac_cv_header_stdlib_h=yes
ac_cv_header_streambuf=yes
ac_cv_header_string=yes
ac_cv_header_string_h=yes
ac_cv_header_strings_h=yes
ac_cv_header_sys_stat_h=yes
ac_cv_header_sys_types_h=yes
ac_cv_header_unistd_h=yes
ac_cv_header_utility=yes
ac_cv_header_valarray=yes
ac_cv_header_vector=yes
ac_cv_host=x86_64-unknown-linux-gnu
ac_cv_host_alias=x86_64-unknown-linux-gnu
ac_cv_lib_fftw3f_fftwf_plan_dft_1d=no
ac_cv_lib_m_sin=yes
ac_cv_lib_rsaeuro_RSAPublicEncrypt=no
ac_cv_objext=o
ac_cv_path_FIND=/usr/bin/find
ac_cv_path_HEAD=/usr/bin/head
ac_cv_path_MYSQL_CONFIG=/usr/bin/mysql_config
ac_cv_path_install='/usr/bin/install -c'
ac_cv_prog_AWK=gawk
ac_cv_prog_CPP='gcc -E'
ac_cv_prog_CXXCPP='g++ -E'
ac_cv_prog_PTHREAD_CC=gcc
ac_cv_prog_ac_ct_CC=gcc
ac_cv_prog_ac_ct_CXX=g++
ac_cv_prog_ac_ct_RANLIB=ranlib
ac_cv_prog_cc_g=yes
ac_cv_prog_cc_stdc=
ac_cv_prog_cxx_g=yes
ac_cv_prog_egrep='grep -E'
ac_cv_prog_make_make_set=yes
ac_cv_target=x86_64-unknown-linux-gnu
ac_cv_target_alias=x86_64-unknown-linux-gnu
ac_cv_type__Bool=yes
ac_cv_type_size_t=yes
am_cv_CC_dependencies_compiler_type=gcc3
am_cv_CXX_dependencies_compiler_type=gcc3
ax_cv_c_float_words_bigendian=no
sah_cv_func_std_MAX=yes
sah_cv_func_std_MIN=yes
sah_cv_func_std_TRANSFORM=yes
sah_cv_have_namespaces=yes

## ----------------- ##
## Output variables. ##
## ----------------- ##

ACLOCAL='${SHELL} /home/kkundert/SERENDIP-V.v/code/setilib/missing --run aclocal-1.9'
AMDEPBACKSLASH='\'
AMDEP_FALSE='#'
AMDEP_TRUE=''
AMTAR='${SHELL} /home/kkundert/SERENDIP-V.v/code/setilib/missing --run tar'
APP_LIBS=''
AUTOCONF='${SHELL} /home/kkundert/SERENDIP-V.v/code/setilib/missing --run autoconf'
AUTOHEADER='${SHELL} /home/kkundert/SERENDIP-V.v/code/setilib/missing --run autoheader'
AUTOMAKE='${SHELL} /home/kkundert/SERENDIP-V.v/code/setilib/missing --run automake-1.9'
AWK='gawk'
BOINCDIR=''
BOINC_CFLAGS='-I -I/api -I/lib'
CC='gcc'
CCDEPMODE='depmode=gcc3'
CFLAGS='-g -O2'
CPP='gcc -E'
CPPFLAGS=''
CXX='g++'
CXXCPP='g++ -E'
CXXDEPMODE='depmode=gcc3'
CXXFLAGS='-g -O2'
CYGPATH_W='echo'
DEFS='-DHAVE_CONFIG_H'
DEPDIR='.deps'
ECHO_C=''
ECHO_N='-n'
ECHO_T=''
EGREP='grep -E'
EXEEXT=''
FIND='/usr/bin/find'
HEAD='/usr/bin/head'
HEALPIX='/home/kkundert'
INFORMIXDIR=''
INFORMIX_CFLAGS=''
INFORMIX_LIBS=''
INSTALL_DATA='${INSTALL} -m 644'
INSTALL_PROGRAM='${INSTALL}'
INSTALL_SCRIPT='${INSTALL}'
INSTALL_STRIP_PROGRAM='${SHELL} $(install_sh) -c -s'
LD=''
LDFLAGS=''
LIBOBJS=''
LIBS='-lm '
LTLIBOBJS=''
MAINT='#'
MAINTAINER_MODE_FALSE=''
MAINTAINER_MODE_TRUE='#'
MAKEINFO='${SHELL} /home/kkundert/SERENDIP-V.v/code/setilib/missing --run makeinfo'
MYSQL_CFLAGS='-I/usr/include/mysql  -g -pipe -Wp,-D_FORTIFY_SOURCE=2 -fexceptions -fstack-protector --param=ssp-buffer-size=4 -m64 -D_GNU_SOURCE -D_FILE_OFFSET_BITS=64 -D_LARGEFILE_SOURCE -fno-strict-aliasing -fwrapv'
MYSQL_CONFIG='/usr/bin/mysql_config'
MYSQL_LIBS='-rdynamic -L/usr/lib64/mysql -lmysqlclient -lz -lcrypt -lnsl -lm -L/usr/lib64 -lssl -lcrypto'
OBJEXT='o'
PACKAGE='setilib'
PACKAGE_BUGREPORT=''
PACKAGE_NAME='setilib'
PACKAGE_STRING='setilib 0.1'
PACKAGE_TARNAME='setilib'
PACKAGE_VERSION='0.1'
PATH_SEPARATOR=':'
PROJECTDIR='/home/boincadm/projects/sah'
PTHREAD_CC='gcc'
PTHREAD_CFLAGS='-pthread'
PTHREAD_LIBS=''
RANLIB='ranlib'
RSADIR='/RSAEuro'
RSALIBS=''
RSA_CFLAGS='-I/RSAEuro/source'
SETI_BOINC_DIR='/home/kkundert/SERENDIP-V.v/code/seti_boinc'
SET_MAKE=''
SHELL='/bin/sh'
STRIP=''
VERSION='0.1'
ac_ct_CC='gcc'
ac_ct_CXX='g++'
ac_ct_RANLIB='ranlib'
ac_ct_STRIP=''
acx_pthread_config=''
am__fastdepCC_FALSE='#'
am__fastdepCC_TRUE=''
am__fastdepCXX_FALSE='#'
am__fastdepCXX_TRUE=''
am__include='include'
am__leading_dot='.'
am__quote=''
am__tar='${AMTAR} chof - "$$tardir"'
am__untar='${AMTAR} xf -'
bindir='${exec_prefix}/bin'
build='x86_64-unknown-linux-gnu'
build_alias=''
build_cpu='x86_64'
build_os='linux-gnu'
build_vendor='unknown'
datadir='${prefix}/share'
exec_prefix='${prefix}'
host='x86_64-unknown-linux-gnu'
host_alias=''
host_cpu='x86_64'
host_os='linux-gnu'
host_vendor='unknown'
includedir='${prefix}/include'
infodir='${prefix}/info'
install_sh='/home/kkundert/SERENDIP-V.v/code/setilib/install-sh'
libdir='${exec_prefix}/lib'
libexecdir='${exec_prefix}/libexec'
localstatedir='${prefix}/var'
mandir='${prefix}/man'
mkdir_p='mkdir -p --'
oldincludedir='/usr/include'
prefix='/usr/local'
program_transform_name='s,x,x,'
sbindir='${exec_prefix}/sbin'
sharedstatedir='${prefix}/com'
sysconfdir='${prefix}/etc'
target='x86_64-unknown-linux-gnu'
target_alias=''
target_cpu='x86_64'
target_os='linux-gnu'
target_vendor='unknown'

## ----------- ##
## confdefs.h. ##
## ----------- ##

#define HAVE_ALGORITHM 1
#define HAVE_ATOLL 1
#define HAVE_BITSET 1
#define HAVE_CASSERT 1
#define HAVE_CCTYPE 1
#define HAVE_CERRNO 1
#define HAVE_CFLOAT 1
#define HAVE_CLIMITS 1
#define HAVE_CLOCALE 1
#define HAVE_CMATH 1
#define HAVE_COMPLEX 1
#define HAVE_CSETJMP 1
#define HAVE_CSIGNAL 1
#define HAVE_CSTDARG 1
#define HAVE_CSTDDEF 1
#define HAVE_CSTDIO 1
#define HAVE_CSTDLIB 1
#define HAVE_CSTRING 1
#define HAVE_CTIME 1
#define HAVE_DEQUE 1
#define HAVE_FCNTL_H 1
#define HAVE_FSTREAM 1
#define HAVE_FUNCTIONAL 1
#define HAVE_INTTYPES_H 1
#define HAVE_IOMANIP 1
#define HAVE_IOS 1
#define HAVE_IOSFWD 1
#define HAVE_IOSTREAM 1
#define HAVE_ISTREAM 1
#define HAVE_ITERATOR 1
#define HAVE_LIBM 1
#define HAVE_LIMITS 1
#define HAVE_LIST 1
#define HAVE_LOCALE 1
#define HAVE_MAP 1
#define HAVE_MEMORY 1
#define HAVE_MEMORY_H 1
#define HAVE_NAMESPACES 1
#define HAVE_NUMERIC 1
#define HAVE_OSTREAM 1
#define HAVE_POW 1
#define HAVE_PTHREAD 1
#define HAVE_QUEUE 1
#define HAVE_SET 1
#define HAVE_SQRT 1
#define HAVE_SSTREAM 1
#define HAVE_STACK 1
#define HAVE_STDBOOL_H 1
#define HAVE_STDEXCEPT 1
#define HAVE_STDINT_H 1
#define HAVE_STDLIB_H 1
#define HAVE_STDLIB_H 1
#define HAVE_STD_MAX 1
#define HAVE_STD_MIN 1
#define HAVE_STD_TRANSFORM 1
#define HAVE_STREAMBUF 1
#define HAVE_STRING 1
#define HAVE_STRINGS_H 1
#define HAVE_STRINGS_H 1
#define HAVE_STRING_H 1
#define HAVE_STRING_H 1
#define HAVE_STRSTR 1
#define HAVE_SYS_STAT_H 1
#define HAVE_SYS_TYPES_H 1
#define HAVE_UNISTD_H 1
#define HAVE_UNISTD_H 1
#define HAVE_UTILITY 1
#define HAVE_VALARRAY 1
#define HAVE_VECTOR 1
#define HAVE__BOOL 1
#define PACKAGE "setilib"
#define PACKAGE_BUGREPORT ""
#define PACKAGE_NAME "setilib"
#define PACKAGE_STRING "setilib 0.1"
#define PACKAGE_TARNAME "setilib"
#define PACKAGE_VERSION "0.1"
#define PROJECTDIR "/home/boincadm/projects/sah"
#define STDC_HEADERS 1
#define USE_MYSQL 1
#define VERSION "0.1"
#endif
#ifdef __cplusplus
extern "C" void std::exit (int) throw (); using std::exit;

configure: exit 0
